# JRE version: OpenJDK Runtime Environment Temurin-21.0.8+9 (21.0.8+9) (build 21.0.8+9-LTS)
# Java VM: OpenJDK 64-Bit Server VM Temurin-21.0.8+9 (21.0.8+9-LTS, mixed mode, sharing, tiered, compressed oops, compressed class ptrs, parallel gc, windows-amd64)
GC Precious Log:
 CardTable entry size: 512
 CPUs: 12 total, 12 available
 Memory: 15741M
 Large Page Support: Disabled
 NUMA Support: Disabled
 Compressed Oops: Enabled (32-bit)
 Alignments: Space 512K, Generation 512K, Heap 2M
 Heap Min Capacity: 100M
 Heap Initial Capacity: 100M
 Heap Max Capacity: 2G
 Pre-touch: Disabled
 Parallel Workers: 10
Heap:
 PSYoungGen      total 10752K, used 3943K [0x00000000d5580000, 0x00000000d6a00000, 0x0000000100000000)
  eden space 10240K, 33% used [0x00000000d5580000,0x00000000d58ddef8,0x00000000d5f80000)
  from space 512K, 96% used [0x00000000d6980000,0x00000000d69fc010,0x00000000d6a00000)
  to   space 1024K, 0% used [0x00000000d6800000,0x00000000d6800000,0x00000000d6900000)
 ParOldGen       total 68608K, used 42848K [0x0000000080000000, 0x0000000084300000, 0x00000000d5580000)
  object space 68608K, 62% used [0x0000000080000000,0x00000000829d8258,0x0000000084300000)
 Metaspace       used 48815K, committed 50048K, reserved 1114112K
  class space    used 5293K, committed 5824K, reserved 1048576K
GC Heap History (20 events):
Event: 13.708 GC heap before
{Heap before GC invocations=23 (full 2):
 PSYoungGen      total 11264K, used 11200K [0x00000000d5580000, 0x00000000d6b80000, 0x0000000100000000)
  eden space 10240K, 100% used [0x00000000d5580000,0x00000000d5f80000,0x00000000d5f80000)
  from space 1024K, 93% used [0x00000000d6a80000,0x00000000d6b70000,0x00000000d6b80000)
  to   space 2048K, 0% used [0x00000000d6780000,0x00000000d6780000,0x00000000d6980000)
 ParOldGen       total 68608K, used 39972K [0x0000000080000000, 0x0000000084300000, 0x00000000d5580000)
  object space 68608K, 58% used [0x0000000080000000,0x00000000827093d8,0x0000000084300000)
 Metaspace       used 46710K, committed 47936K, reserved 1114112K
  class space    used 5084K, committed 5632K, reserved 1048576K
}
Event: 13.710 GC heap after
{Heap after GC invocations=23 (full 2):
 PSYoungGen      total 12288K, used 352K [0x00000000d5580000, 0x00000000d6b00000, 0x0000000100000000)
  eden space 10240K, 0% used [0x00000000d5580000,0x00000000d5580000,0x00000000d5f80000)
  from space 2048K, 17% used [0x00000000d6780000,0x00000000d67d8000,0x00000000d6980000)
  to   space 1024K, 0% used [0x00000000d6a00000,0x00000000d6a00000,0x00000000d6b00000)
 ParOldGen       total 68608K, used 40750K [0x0000000080000000, 0x0000000084300000, 0x00000000d5580000)
  object space 68608K, 59% used [0x0000000080000000,0x00000000827cba78,0x0000000084300000)
 Metaspace       used 46710K, committed 47936K, reserved 1114112K
  class space    used 5084K, committed 5632K, reserved 1048576K
}
Event: 14.108 GC heap before
{Heap before GC invocations=24 (full 2):
 PSYoungGen      total 12288K, used 10592K [0x00000000d5580000, 0x00000000d6b00000, 0x0000000100000000)
  eden space 10240K, 100% used [0x00000000d5580000,0x00000000d5f80000,0x00000000d5f80000)
  from space 2048K, 17% used [0x00000000d6780000,0x00000000d67d8000,0x00000000d6980000)
  to   space 1024K, 0% used [0x00000000d6a00000,0x00000000d6a00000,0x00000000d6b00000)
 ParOldGen       total 68608K, used 40750K [0x0000000080000000, 0x0000000084300000, 0x00000000d5580000)
  object space 68608K, 59% used [0x0000000080000000,0x00000000827cba78,0x0000000084300000)
 Metaspace       used 46722K, committed 47936K, reserved 1114112K
  class space    used 5084K, committed 5632K, reserved 1048576K
}
Event: 14.108 GC heap after
{Heap after GC invocations=24 (full 2):
 PSYoungGen      total 10752K, used 160K [0x00000000d5580000, 0x00000000d6a80000, 0x0000000100000000)
  eden space 10240K, 0% used [0x00000000d5580000,0x00000000d5580000,0x00000000d5f80000)
  from space 512K, 31% used [0x00000000d6a00000,0x00000000d6a28000,0x00000000d6a80000)
  to   space 512K, 0% used [0x00000000d6980000,0x00000000d6980000,0x00000000d6a00000)
 ParOldGen       total 68608K, used 40970K [0x0000000080000000, 0x0000000084300000, 0x00000000d5580000)
  object space 68608K, 59% used [0x0000000080000000,0x0000000082802bd8,0x0000000084300000)
 Metaspace       used 46722K, committed 47936K, reserved 1114112K
  class space    used 5084K, committed 5632K, reserved 1048576K
}
Event: 14.447 GC heap before
{Heap before GC invocations=25 (full 2):
 PSYoungGen      total 10752K, used 10400K [0x00000000d5580000, 0x00000000d6a80000, 0x0000000100000000)
  eden space 10240K, 100% used [0x00000000d5580000,0x00000000d5f80000,0x00000000d5f80000)
  from space 512K, 31% used [0x00000000d6a00000,0x00000000d6a28000,0x00000000d6a80000)
  to   space 512K, 0% used [0x00000000d6980000,0x00000000d6980000,0x00000000d6a00000)
 ParOldGen       total 68608K, used 40970K [0x0000000080000000, 0x0000000084300000, 0x00000000d5580000)
  object space 68608K, 59% used [0x0000000080000000,0x0000000082802bd8,0x0000000084300000)
 Metaspace       used 46733K, committed 47936K, reserved 1114112K
  class space    used 5084K, committed 5632K, reserved 1048576K
}
Event: 14.447 GC heap after
{Heap after GC invocations=25 (full 2):
 PSYoungGen      total 10752K, used 288K [0x00000000d5580000, 0x00000000d6a80000, 0x0000000100000000)
  eden space 10240K, 0% used [0x00000000d5580000,0x00000000d5580000,0x00000000d5f80000)
  from space 512K, 56% used [0x00000000d6980000,0x00000000d69c8000,0x00000000d6a00000)
  to   space 512K, 0% used [0x00000000d6a00000,0x00000000d6a00000,0x00000000d6a80000)
 ParOldGen       total 68608K, used 41002K [0x0000000080000000, 0x0000000084300000, 0x00000000d5580000)
  object space 68608K, 59% used [0x0000000080000000,0x000000008280abd8,0x0000000084300000)
 Metaspace       used 46733K, committed 47936K, reserved 1114112K
  class space    used 5084K, committed 5632K, reserved 1048576K
}
Event: 14.724 GC heap before
{Heap before GC invocations=26 (full 2):
 PSYoungGen      total 10752K, used 10528K [0x00000000d5580000, 0x00000000d6a80000, 0x0000000100000000)
  eden space 10240K, 100% used [0x00000000d5580000,0x00000000d5f80000,0x00000000d5f80000)
  from space 512K, 56% used [0x00000000d6980000,0x00000000d69c8000,0x00000000d6a00000)
  to   space 512K, 0% used [0x00000000d6a00000,0x00000000d6a00000,0x00000000d6a80000)
 ParOldGen       total 68608K, used 41002K [0x0000000080000000, 0x0000000084300000, 0x00000000d5580000)
  object space 68608K, 59% used [0x0000000080000000,0x000000008280abd8,0x0000000084300000)
 Metaspace       used 46785K, committed 48000K, reserved 1114112K
  class space    used 5093K, committed 5632K, reserved 1048576K
}
Event: 14.725 GC heap after
{Heap after GC invocations=26 (full 2):
 PSYoungGen      total 10752K, used 320K [0x00000000d5580000, 0x00000000d6a80000, 0x0000000100000000)
  eden space 10240K, 0% used [0x00000000d5580000,0x00000000d5580000,0x00000000d5f80000)
  from space 512K, 62% used [0x00000000d6a00000,0x00000000d6a50000,0x00000000d6a80000)
  to   space 512K, 0% used [0x00000000d6980000,0x00000000d6980000,0x00000000d6a00000)
 ParOldGen       total 68608K, used 41026K [0x0000000080000000, 0x0000000084300000, 0x00000000d5580000)
  object space 68608K, 59% used [0x0000000080000000,0x0000000082810bd8,0x0000000084300000)
 Metaspace       used 46785K, committed 48000K, reserved 1114112K
  class space    used 5093K, committed 5632K, reserved 1048576K
}
Event: 14.807 GC heap before
{Heap before GC invocations=27 (full 2):
 PSYoungGen      total 10752K, used 10560K [0x00000000d5580000, 0x00000000d6a80000, 0x0000000100000000)
  eden space 10240K, 100% used [0x00000000d5580000,0x00000000d5f80000,0x00000000d5f80000)
  from space 512K, 62% used [0x00000000d6a00000,0x00000000d6a50000,0x00000000d6a80000)
  to   space 512K, 0% used [0x00000000d6980000,0x00000000d6980000,0x00000000d6a00000)
 ParOldGen       total 68608K, used 41026K [0x0000000080000000, 0x0000000084300000, 0x00000000d5580000)
  object space 68608K, 59% used [0x0000000080000000,0x0000000082810bd8,0x0000000084300000)
 Metaspace       used 46807K, committed 48064K, reserved 1114112K
  class space    used 5093K, committed 5632K, reserved 1048576K
}
Event: 14.808 GC heap after
{Heap after GC invocations=27 (full 2):
 PSYoungGen      total 10752K, used 448K [0x00000000d5580000, 0x00000000d6a80000, 0x0000000100000000)
  eden space 10240K, 0% used [0x00000000d5580000,0x00000000d5580000,0x00000000d5f80000)
  from space 512K, 87% used [0x00000000d6980000,0x00000000d69f0000,0x00000000d6a00000)
  to   space 512K, 0% used [0x00000000d6a00000,0x00000000d6a00000,0x00000000d6a80000)
 ParOldGen       total 68608K, used 41130K [0x0000000080000000, 0x0000000084300000, 0x00000000d5580000)
  object space 68608K, 59% used [0x0000000080000000,0x000000008282abd8,0x0000000084300000)
 Metaspace       used 46807K, committed 48064K, reserved 1114112K
  class space    used 5093K, committed 5632K, reserved 1048576K
}
Event: 14.953 GC heap before
{Heap before GC invocations=28 (full 2):
 PSYoungGen      total 10752K, used 10688K [0x00000000d5580000, 0x00000000d6a80000, 0x0000000100000000)
  eden space 10240K, 100% used [0x00000000d5580000,0x00000000d5f80000,0x00000000d5f80000)
  from space 512K, 87% used [0x00000000d6980000,0x00000000d69f0000,0x00000000d6a00000)
  to   space 512K, 0% used [0x00000000d6a00000,0x00000000d6a00000,0x00000000d6a80000)
 ParOldGen       total 68608K, used 41130K [0x0000000080000000, 0x0000000084300000, 0x00000000d5580000)
  object space 68608K, 59% used [0x0000000080000000,0x000000008282abd8,0x0000000084300000)
 Metaspace       used 47107K, committed 48384K, reserved 1114112K
  class space    used 5116K, committed 5696K, reserved 1048576K
}
Event: 14.955 GC heap after
{Heap after GC invocations=28 (full 2):
 PSYoungGen      total 10752K, used 493K [0x00000000d5580000, 0x00000000d6a80000, 0x0000000100000000)
  eden space 10240K, 0% used [0x00000000d5580000,0x00000000d5580000,0x00000000d5f80000)
  from space 512K, 96% used [0x00000000d6a00000,0x00000000d6a7b670,0x00000000d6a80000)
  to   space 1536K, 0% used [0x00000000d6780000,0x00000000d6780000,0x00000000d6900000)
 ParOldGen       total 68608K, used 41622K [0x0000000080000000, 0x0000000084300000, 0x00000000d5580000)
  object space 68608K, 60% used [0x0000000080000000,0x00000000828a5be8,0x0000000084300000)
 Metaspace       used 47107K, committed 48384K, reserved 1114112K
  class space    used 5116K, committed 5696K, reserved 1048576K
}
Event: 15.079 GC heap before
{Heap before GC invocations=29 (full 2):
 PSYoungGen      total 10752K, used 10733K [0x00000000d5580000, 0x00000000d6a80000, 0x0000000100000000)
  eden space 10240K, 100% used [0x00000000d5580000,0x00000000d5f80000,0x00000000d5f80000)
  from space 512K, 96% used [0x00000000d6a00000,0x00000000d6a7b670,0x00000000d6a80000)
  to   space 1536K, 0% used [0x00000000d6780000,0x00000000d6780000,0x00000000d6900000)
 ParOldGen       total 68608K, used 41622K [0x0000000080000000, 0x0000000084300000, 0x00000000d5580000)
  object space 68608K, 60% used [0x0000000080000000,0x00000000828a5be8,0x0000000084300000)
 Metaspace       used 47183K, committed 48448K, reserved 1114112K
  class space    used 5130K, committed 5696K, reserved 1048576K
}
Event: 15.080 GC heap after
{Heap after GC invocations=29 (full 2):
 PSYoungGen      total 11776K, used 608K [0x00000000d5580000, 0x00000000d6a80000, 0x0000000100000000)
  eden space 10240K, 0% used [0x00000000d5580000,0x00000000d5580000,0x00000000d5f80000)
  from space 1536K, 39% used [0x00000000d6780000,0x00000000d6818000,0x00000000d6900000)
  to   space 1024K, 0% used [0x00000000d6980000,0x00000000d6980000,0x00000000d6a80000)
 ParOldGen       total 68608K, used 42088K [0x0000000080000000, 0x0000000084300000, 0x00000000d5580000)
  object space 68608K, 61% used [0x0000000080000000,0x000000008291a258,0x0000000084300000)
 Metaspace       used 47183K, committed 48448K, reserved 1114112K
  class space    used 5130K, committed 5696K, reserved 1048576K
}
Event: 15.482 GC heap before
{Heap before GC invocations=30 (full 2):
 PSYoungGen      total 11776K, used 10848K [0x00000000d5580000, 0x00000000d6a80000, 0x0000000100000000)
  eden space 10240K, 100% used [0x00000000d5580000,0x00000000d5f80000,0x00000000d5f80000)
  from space 1536K, 39% used [0x00000000d6780000,0x00000000d6818000,0x00000000d6900000)
  to   space 1024K, 0% used [0x00000000d6980000,0x00000000d6980000,0x00000000d6a80000)
 ParOldGen       total 68608K, used 42088K [0x0000000080000000, 0x0000000084300000, 0x00000000d5580000)
  object space 68608K, 61% used [0x0000000080000000,0x000000008291a258,0x0000000084300000)
 Metaspace       used 47239K, committed 48512K, reserved 1114112K
  class space    used 5136K, committed 5696K, reserved 1048576K
}
Event: 15.483 GC heap after
{Heap after GC invocations=30 (full 2):
 PSYoungGen      total 10752K, used 256K [0x00000000d5580000, 0x00000000d6a00000, 0x0000000100000000)
  eden space 10240K, 0% used [0x00000000d5580000,0x00000000d5580000,0x00000000d5f80000)
  from space 512K, 50% used [0x00000000d6980000,0x00000000d69c0000,0x00000000d6a00000)
  to   space 512K, 0% used [0x00000000d6900000,0x00000000d6900000,0x00000000d6980000)
 ParOldGen       total 68608K, used 42576K [0x0000000080000000, 0x0000000084300000, 0x00000000d5580000)
  object space 68608K, 62% used [0x0000000080000000,0x0000000082994258,0x0000000084300000)
 Metaspace       used 47239K, committed 48512K, reserved 1114112K
  class space    used 5136K, committed 5696K, reserved 1048576K
}
Event: 15.857 GC heap before
{Heap before GC invocations=31 (full 2):
 PSYoungGen      total 10752K, used 10496K [0x00000000d5580000, 0x00000000d6a00000, 0x0000000100000000)
  eden space 10240K, 100% used [0x00000000d5580000,0x00000000d5f80000,0x00000000d5f80000)
  from space 512K, 50% used [0x00000000d6980000,0x00000000d69c0000,0x00000000d6a00000)
  to   space 512K, 0% used [0x00000000d6900000,0x00000000d6900000,0x00000000d6980000)
 ParOldGen       total 68608K, used 42576K [0x0000000080000000, 0x0000000084300000, 0x00000000d5580000)
  object space 68608K, 62% used [0x0000000080000000,0x0000000082994258,0x0000000084300000)
 Metaspace       used 47297K, committed 48576K, reserved 1114112K
  class space    used 5144K, committed 5696K, reserved 1048576K
}
Event: 15.858 GC heap after
{Heap after GC invocations=31 (full 2):
 PSYoungGen      total 10752K, used 224K [0x00000000d5580000, 0x00000000d6a00000, 0x0000000100000000)
  eden space 10240K, 0% used [0x00000000d5580000,0x00000000d5580000,0x00000000d5f80000)
  from space 512K, 43% used [0x00000000d6900000,0x00000000d6938000,0x00000000d6980000)
  to   space 512K, 0% used [0x00000000d6980000,0x00000000d6980000,0x00000000d6a00000)
 ParOldGen       total 68608K, used 42728K [0x0000000080000000, 0x0000000084300000, 0x00000000d5580000)
  object space 68608K, 62% used [0x0000000080000000,0x00000000829ba258,0x0000000084300000)
 Metaspace       used 47297K, committed 48576K, reserved 1114112K
  class space    used 5144K, committed 5696K, reserved 1048576K
}
Event: 16.523 GC heap before
{Heap before GC invocations=32 (full 2):
 PSYoungGen      total 10752K, used 10463K [0x00000000d5580000, 0x00000000d6a00000, 0x0000000100000000)
  eden space 10240K, 99% used [0x00000000d5580000,0x00000000d5f7ffe8,0x00000000d5f80000)
  from space 512K, 43% used [0x00000000d6900000,0x00000000d6938000,0x00000000d6980000)
  to   space 512K, 0% used [0x00000000d6980000,0x00000000d6980000,0x00000000d6a00000)
 ParOldGen       total 68608K, used 42728K [0x0000000080000000, 0x0000000084300000, 0x00000000d5580000)
  object space 68608K, 62% used [0x0000000080000000,0x00000000829ba258,0x0000000084300000)
 Metaspace       used 48652K, committed 49920K, reserved 1114112K
  class space    used 5283K, committed 5824K, reserved 1048576K
}
Event: 16.525 GC heap after
{Heap after GC invocations=32 (full 2):
 PSYoungGen      total 10752K, used 496K [0x00000000d5580000, 0x00000000d6a00000, 0x0000000100000000)
  eden space 10240K, 0% used [0x00000000d5580000,0x00000000d5580000,0x00000000d5f80000)
  from space 512K, 96% used [0x00000000d6980000,0x00000000d69fc010,0x00000000d6a00000)
  to   space 1024K, 0% used [0x00000000d6800000,0x00000000d6800000,0x00000000d6900000)
 ParOldGen       total 68608K, used 42848K [0x0000000080000000, 0x0000000084300000, 0x00000000d5580000)
  object space 68608K, 62% used [0x0000000080000000,0x00000000829d8258,0x0000000084300000)
 Metaspace       used 48652K, committed 49920K, reserved 1114112K
  class space    used 5283K, committed 5824K, reserved 1048576K
}

